<?xml version="1.0" encoding="UTF-8"?>
<!-- Generated by org.testng.reporters.JUnitXMLReporter -->
<testsuite ignored="0" hostname="HIGURL71125" failures="0" tests="5" name="Default test" time="91.662" errors="0" timestamp="08 May 2020 01:41:47 GMT">
  <testcase classname="com.testing.selenium.crossbrowser.HeadlessBrowserBasicTest" name="chromeBrowser" time="12.589"/>
  <testcase classname="com.testing.selenium.crossbrowser.HeadlessBrowserBasicTest" name="chromeBrowserHeadlessBrowsing" time="10.639"/>
  <testcase classname="com.testing.selenium.crossbrowser.HeadlessBrowserBasicTest" name="firefoxBrowser" time="30.166"/>
  <testcase classname="com.testing.selenium.crossbrowser.HeadlessBrowserBasicTest" name="firefoxBrowserHeadlessBrowsing" time="26.871"/>
  <testcase classname="com.testing.selenium.crossbrowser.HeadlessBrowserBasicTest" name="phantomJS" time="11.326"/>
</testsuite> <!-- Default test -->
