<?xml version="1.0" encoding="UTF-8"?>
<!-- Generated by org.testng.reporters.JUnitXMLReporter -->
<testsuite ignored="3" hostname="HIGURL71125" failures="0" tests="1" name="Default test" time="33.346" errors="0" timestamp="04 May 2020 16:09:04 GMT">
  <testcase classname="com.testing.webdriver.basics.FormElementSelectTest" name="setValuesIntoMultiSelectBox" time="26.232"/>
  <testcase classname="com.testing.webdriver.basics.FormElementSelectTest" name="setValuesIntoSelectBox" time="0.0">
    <ignored/>
  </testcase> <!-- setValuesIntoSelectBox -->
  <testcase classname="com.testing.webdriver.basics.FormElementSelectTest" name="readvalueOfSelect" time="0.0">
    <ignored/>
  </testcase> <!-- readvalueOfSelect -->
  <testcase classname="com.testing.webdriver.basics.FormElementSelectTest" name="readvalueFromMultiSelectBox" time="0.0">
    <ignored/>
  </testcase> <!-- readvalueFromMultiSelectBox -->
</testsuite> <!-- Default test -->
