<?xml version="1.0" encoding="UTF-8"?>
<!-- Generated by org.testng.reporters.JUnitXMLReporter -->
<testsuite ignored="3" hostname="HIGURL71125" failures="0" tests="1" name="Default test" time="12.712" errors="0" timestamp="07 May 2020 15:44:50 GMT">
  <testcase classname="com.testing.webdriver.scenarios.ActionBasicTest" name="testBasicDragAndDrop_Complicated" time="5.757"/>
  <testcase classname="com.testing.webdriver.scenarios.ActionBasicTest" name="testBasicDragAndDrop" time="0.0">
    <ignored/>
  </testcase> <!-- testBasicDragAndDrop -->
  <testcase classname="com.testing.webdriver.scenarios.ActionBasicTest" name="testBasicAction_Combine" time="0.0">
    <ignored/>
  </testcase> <!-- testBasicAction_Combine -->
  <testcase classname="com.testing.webdriver.scenarios.ActionBasicTest" name="testBasicAction" time="0.0">
    <ignored/>
  </testcase> <!-- testBasicAction -->
</testsuite> <!-- Default test -->
