<?xml version="1.0" encoding="UTF-8"?>
<testng-results ignored="1" total="2" passed="1" failed="0" skipped="0">
  <reporter-output>
  </reporter-output>
  <suite started-at="2020-05-10T11:56:51Z" name="Default suite" finished-at="2020-05-10T11:57:17Z" duration-ms="25267">
    <groups>
    </groups>
    <test started-at="2020-05-10T11:56:51Z" name="Default test" finished-at="2020-05-10T11:57:17Z" duration-ms="25267">
      <class name="com.testing.SeleniumStandAloneTest">
        <test-method signature="standalone()[pri:0, instance:com.testing.SeleniumStandAloneTest@6fdbe764]" started-at="2020-05-10T11:56:51Z" name="standalone" finished-at="2020-05-10T11:57:17Z" duration-ms="25207" status="PASS">
          <reporter-output>
          </reporter-output>
        </test-method> <!-- standalone -->
      </class> <!-- com.testing.SeleniumStandAloneTest -->
    </test> <!-- Default test -->
  </suite> <!-- Default suite -->
</testng-results>
