<?xml version="1.0" encoding="UTF-8"?>
<!-- Generated by org.testng.reporters.JUnitXMLReporter -->
<testsuite ignored="1" hostname="HIGURL71125" failures="0" tests="1" name="Default test" time="25.267" errors="0" timestamp="10 May 2020 11:57:17 GMT">
  <testcase classname="com.testing.SeleniumStandAloneTest" name="standalone" time="25.207"/>
  <testcase classname="com.testing.SeleniumStandAloneTest" name="basic" time="0.0">
    <ignored/>
  </testcase> <!-- basic -->
</testsuite> <!-- Default test -->
