<?xml version="1.0" encoding="UTF-8"?>
<testng-results ignored="0" total="2" passed="2" failed="0" skipped="0">
  <reporter-output>
  </reporter-output>
  <suite started-at="2020-05-08T02:19:35Z" name="First Suite" finished-at="2020-05-08T02:20:04Z" duration-ms="28405">
    <groups>
    </groups>
    <test started-at="2020-05-08T02:19:35Z" name="FirefoxTests" finished-at="2020-05-08T02:19:58Z" duration-ms="22662">
      <class name="com.testing.selenium.crossbrowser.framework.CrossBrowserFrameworkTest">
        <test-method signature="lunchTables(java.lang.String)[pri:0, instance:com.testing.selenium.crossbrowser.framework.CrossBrowserFrameworkTest@1d76aeea]" started-at="2020-05-08T02:19:35Z" name="lunchTables" finished-at="2020-05-08T02:19:58Z" duration-ms="22624" status="PASS">
          <params>
            <param index="0">
              <value>
                <![CDATA[firefox]]>
              </value>
            </param>
          </params>
          <reporter-output>
          </reporter-output>
        </test-method> <!-- lunchTables -->
      </class> <!-- com.testing.selenium.crossbrowser.framework.CrossBrowserFrameworkTest -->
    </test> <!-- FirefoxTests -->
    <test started-at="2020-05-08T02:19:58Z" name="ChromeTests" finished-at="2020-05-08T02:20:04Z" duration-ms="5704">
      <class name="com.testing.selenium.crossbrowser.framework.CrossBrowserFrameworkTest">
        <test-method signature="lunchTables(java.lang.String)[pri:0, instance:com.testing.selenium.crossbrowser.framework.CrossBrowserFrameworkTest@16e7dcfd]" started-at="2020-05-08T02:19:58Z" name="lunchTables" finished-at="2020-05-08T02:20:04Z" duration-ms="5696" status="PASS">
          <params>
            <param index="0">
              <value>
                <![CDATA[chrome]]>
              </value>
            </param>
          </params>
          <reporter-output>
          </reporter-output>
        </test-method> <!-- lunchTables -->
      </class> <!-- com.testing.selenium.crossbrowser.framework.CrossBrowserFrameworkTest -->
    </test> <!-- ChromeTests -->
  </suite> <!-- First Suite -->
</testng-results>
