<?xml version="1.0" encoding="UTF-8"?>
<testng-results ignored="3" total="4" passed="1" failed="0" skipped="0">
  <reporter-output>
  </reporter-output>
  <suite started-at="2020-05-07T15:44:37Z" name="Default suite" finished-at="2020-05-07T15:44:50Z" duration-ms="12712">
    <groups>
    </groups>
    <test started-at="2020-05-07T15:44:37Z" name="Default test" finished-at="2020-05-07T15:44:50Z" duration-ms="12712">
      <class name="com.testing.webdriver.scenarios.ActionBasicTest">
        <test-method is-config="true" signature="beforeTest()[pri:0, instance:com.testing.webdriver.scenarios.ActionBasicTest@6340e5f0]" started-at="2020-05-07T15:44:37Z" name="beforeTest" finished-at="2020-05-07T15:44:43Z" duration-ms="6015" status="PASS">
          <reporter-output>
          </reporter-output>
        </test-method> <!-- beforeTest -->
        <test-method signature="testBasicDragAndDrop_Complicated()[pri:0, instance:com.testing.webdriver.scenarios.ActionBasicTest@6340e5f0]" started-at="2020-05-07T15:44:43Z" name="testBasicDragAndDrop_Complicated" finished-at="2020-05-07T15:44:49Z" duration-ms="5757" status="PASS">
          <reporter-output>
          </reporter-output>
        </test-method> <!-- testBasicDragAndDrop_Complicated -->
        <test-method is-config="true" signature="afterTest()[pri:0, instance:com.testing.webdriver.scenarios.ActionBasicTest@6340e5f0]" started-at="2020-05-07T15:44:49Z" name="afterTest" finished-at="2020-05-07T15:44:50Z" duration-ms="893" status="PASS">
          <reporter-output>
          </reporter-output>
        </test-method> <!-- afterTest -->
      </class> <!-- com.testing.webdriver.scenarios.ActionBasicTest -->
    </test> <!-- Default test -->
  </suite> <!-- Default suite -->
</testng-results>
