<?xml version="1.0" encoding="UTF-8"?>
<!-- Generated by org.testng.reporters.JUnitXMLReporter -->
<testsuite ignored="1" hostname="HIGURL71125" failures="0" tests="1" name="Default test" time="8.822" errors="0" timestamp="28 Apr 2020 16:15:29 GMT">
  <testcase classname="FirstSeleniumJUnitTest" name="testGoogleDotCom" time="2.261"/>
  <testcase classname="FirstSeleniumJUnitTest" name="testFacebookDotCom" time="0.0">
    <ignored/>
  </testcase> <!-- testFacebookDotCom -->
</testsuite> <!-- Default test -->
