<?xml version="1.0" encoding="UTF-8"?>
<!-- Generated by org.testng.reporters.JUnitXMLReporter -->
<testsuite ignored="1" hostname="HIGURL71125" failures="0" tests="1" name="Default test" time="7.84" errors="0" timestamp="10 May 2020 07:21:28 GMT">
  <testcase classname="com.testing.pageobjects.updatetodo.UpdateToDoBasicTest" name="updateToDo" time="1.97"/>
  <testcase classname="com.testing.pageobjects.updatetodo.UpdateToDoBasicTest" name="loginPageObject" time="0.0">
    <ignored/>
  </testcase> <!-- loginPageObject -->
</testsuite> <!-- Default test -->
