<?xml version="1.0" encoding="UTF-8"?>
<testng-results ignored="1" total="2" passed="1" failed="0" skipped="0">
  <reporter-output>
  </reporter-output>
  <suite started-at="2020-05-10T07:21:21Z" name="Default suite" finished-at="2020-05-10T07:21:28Z" duration-ms="7840">
    <groups>
    </groups>
    <test started-at="2020-05-10T07:21:21Z" name="Default test" finished-at="2020-05-10T07:21:28Z" duration-ms="7840">
      <class name="com.testing.pageobjects.updatetodo.UpdateToDoBasicTest">
        <test-method is-config="true" signature="beforeTest()[pri:0, instance:com.testing.pageobjects.updatetodo.UpdateToDoBasicTest@2892d68]" started-at="2020-05-10T07:21:21Z" name="beforeTest" finished-at="2020-05-10T07:21:26Z" duration-ms="5067" status="PASS">
          <reporter-output>
          </reporter-output>
        </test-method> <!-- beforeTest -->
        <test-method signature="updateToDo()[pri:0, instance:com.testing.pageobjects.updatetodo.UpdateToDoBasicTest@2892d68]" started-at="2020-05-10T07:21:26Z" name="updateToDo" finished-at="2020-05-10T07:21:28Z" duration-ms="1970" status="PASS">
          <reporter-output>
          </reporter-output>
        </test-method> <!-- updateToDo -->
        <test-method is-config="true" signature="afterTest()[pri:0, instance:com.testing.pageobjects.updatetodo.UpdateToDoBasicTest@2892d68]" started-at="2020-05-10T07:21:28Z" name="afterTest" finished-at="2020-05-10T07:21:28Z" duration-ms="777" status="PASS">
          <reporter-output>
          </reporter-output>
        </test-method> <!-- afterTest -->
      </class> <!-- com.testing.pageobjects.updatetodo.UpdateToDoBasicTest -->
    </test> <!-- Default test -->
  </suite> <!-- Default suite -->
</testng-results>
