<?xml version="1.0" encoding="UTF-8"?>
<testng-results ignored="3" total="4" passed="1" failed="0" skipped="0">
  <reporter-output>
  </reporter-output>
  <suite started-at="2020-05-04T16:08:31Z" name="Default suite" finished-at="2020-05-04T16:09:04Z" duration-ms="33346">
    <groups>
    </groups>
    <test started-at="2020-05-04T16:08:31Z" name="Default test" finished-at="2020-05-04T16:09:04Z" duration-ms="33346">
      <class name="com.testing.webdriver.basics.FormElementSelectTest">
        <test-method is-config="true" signature="beforeTest()[pri:0, instance:com.testing.webdriver.basics.FormElementSelectTest@6340e5f0]" started-at="2020-05-04T16:08:31Z" name="beforeTest" finished-at="2020-05-04T16:08:37Z" duration-ms="6299" status="PASS">
          <reporter-output>
          </reporter-output>
        </test-method> <!-- beforeTest -->
        <test-method signature="setValuesIntoMultiSelectBox()[pri:0, instance:com.testing.webdriver.basics.FormElementSelectTest@6340e5f0]" started-at="2020-05-04T16:08:37Z" name="setValuesIntoMultiSelectBox" finished-at="2020-05-04T16:09:04Z" duration-ms="26232" status="PASS">
          <reporter-output>
          </reporter-output>
        </test-method> <!-- setValuesIntoMultiSelectBox -->
        <test-method is-config="true" signature="afterTest()[pri:0, instance:com.testing.webdriver.basics.FormElementSelectTest@6340e5f0]" started-at="2020-05-04T16:09:04Z" name="afterTest" finished-at="2020-05-04T16:09:04Z" duration-ms="791" status="PASS">
          <reporter-output>
          </reporter-output>
        </test-method> <!-- afterTest -->
      </class> <!-- com.testing.webdriver.basics.FormElementSelectTest -->
    </test> <!-- Default test -->
  </suite> <!-- Default suite -->
</testng-results>
